0 info it worked if it ends with ok
1 verbose cli [ 'C:\\Program Files\\nodejs\\node.exe',
1 verbose cli   'C:\\Program Files\\nodejs\\node_modules\\npm\\bin\\npm-cli.js',
1 verbose cli   'install',
1 verbose cli   '--save-dev',
1 verbose cli   'babel-cli',
1 verbose cli   '-',
1 verbose cli   'g' ]
2 info using npm@3.9.5
3 info using node@v6.2.2
4 silly loadCurrentTree Starting
5 silly install loadCurrentTree
6 silly install readLocalPackageData
7 silly fetchPackageMetaData babel-cli
8 silly fetchPackageMetaData -
9 silly fetchPackageMetaData g
10 silly fetchNamedPackageData babel-cli
11 silly mapToRegistry name babel-cli
12 silly mapToRegistry using default registry
13 silly mapToRegistry registry https://registry.npmjs.org/
14 silly mapToRegistry data Result {
14 silly mapToRegistry   raw: 'babel-cli',
14 silly mapToRegistry   scope: null,
14 silly mapToRegistry   name: 'babel-cli',
14 silly mapToRegistry   rawSpec: '',
14 silly mapToRegistry   spec: 'latest',
14 silly mapToRegistry   type: 'tag' }
15 silly mapToRegistry uri https://registry.npmjs.org/babel-cli
16 silly fetchOtherPackageData -
17 silly cache add args [ '-', null ]
18 verbose cache add spec -
19 silly fetchNamedPackageData g
20 silly mapToRegistry name g
21 silly mapToRegistry using default registry
22 silly mapToRegistry registry https://registry.npmjs.org/
23 silly mapToRegistry data Result {
23 silly mapToRegistry   raw: 'g',
23 silly mapToRegistry   scope: null,
23 silly mapToRegistry   name: 'g',
23 silly mapToRegistry   rawSpec: '',
23 silly mapToRegistry   spec: 'latest',
23 silly mapToRegistry   type: 'tag' }
24 silly mapToRegistry uri https://registry.npmjs.org/g
25 silly cache add parsed spec Result {
25 silly cache add   raw: '-',
25 silly cache add   scope: null,
25 silly cache add   name: null,
25 silly cache add   rawSpec: '-',
25 silly cache add   spec: 'D:\\C# SoftUni\\Java Script Advanced 2016\\14. Modules\\Modules Lab\\-',
25 silly cache add   type: 'local' }
26 error addLocal Could not install D:\C# SoftUni\Java Script Advanced 2016\14. Modules\Modules Lab\-
27 silly fetchPackageMetaData Error: ENOENT: no such file or directory, open 'D:\C# SoftUni\Java Script Advanced 2016\14. Modules\Modules Lab\-'
27 silly fetchPackageMetaData     at Error (native)
27 silly fetchPackageMetaData  error for - { Error: ENOENT: no such file or directory, open 'D:\C# SoftUni\Java Script Advanced 2016\14. Modules\Modules Lab\-'
27 silly fetchPackageMetaData     at Error (native)
27 silly fetchPackageMetaData   errno: -4058,
27 silly fetchPackageMetaData   code: 'ENOENT',
27 silly fetchPackageMetaData   syscall: 'open',
27 silly fetchPackageMetaData   path: 'D:\\C# SoftUni\\Java Script Advanced 2016\\14. Modules\\Modules Lab\\-' }
28 verbose request uri https://registry.npmjs.org/babel-cli
29 verbose request no auth needed
30 info attempt registry request try #1 at 19:49:14
31 verbose request id 64246d0d8e8ee04a
32 http request GET https://registry.npmjs.org/babel-cli
33 verbose request uri https://registry.npmjs.org/g
34 verbose request no auth needed
35 info attempt registry request try #1 at 19:49:14
36 http request GET https://registry.npmjs.org/g
37 http 200 https://registry.npmjs.org/babel-cli
38 verbose headers { server: 'CouchDB/1.6.1 (Erlang OTP/R16B03)',
38 verbose headers   etag: '"2CKUIMGPW03N2CVTQ0SKNCMB1"',
38 verbose headers   'content-type': 'application/json',
38 verbose headers   'content-encoding': 'gzip',
38 verbose headers   'cache-control': 'max-age=300',
38 verbose headers   'content-length': '7436',
38 verbose headers   'accept-ranges': 'bytes',
38 verbose headers   date: 'Sat, 05 Nov 2016 17:49:26 GMT',
38 verbose headers   via: '1.1 varnish',
38 verbose headers   age: '293',
38 verbose headers   connection: 'keep-alive',
38 verbose headers   'x-served-by': 'cache-fra1230-FRA',
38 verbose headers   'x-cache': 'HIT',
38 verbose headers   'x-cache-hits': '1',
38 verbose headers   'x-timer': 'S1478368166.886216,VS0,VE0',
38 verbose headers   vary: 'Accept-Encoding' }
39 silly get cb [ 200,
39 silly get   { server: 'CouchDB/1.6.1 (Erlang OTP/R16B03)',
39 silly get     etag: '"2CKUIMGPW03N2CVTQ0SKNCMB1"',
39 silly get     'content-type': 'application/json',
39 silly get     'content-encoding': 'gzip',
39 silly get     'cache-control': 'max-age=300',
39 silly get     'content-length': '7436',
39 silly get     'accept-ranges': 'bytes',
39 silly get     date: 'Sat, 05 Nov 2016 17:49:26 GMT',
39 silly get     via: '1.1 varnish',
39 silly get     age: '293',
39 silly get     connection: 'keep-alive',
39 silly get     'x-served-by': 'cache-fra1230-FRA',
39 silly get     'x-cache': 'HIT',
39 silly get     'x-cache-hits': '1',
39 silly get     'x-timer': 'S1478368166.886216,VS0,VE0',
39 silly get     vary: 'Accept-Encoding' } ]
40 verbose get saving babel-cli to C:\Users\Lenovo\AppData\Roaming\npm-cache\registry.npmjs.org\babel-cli\.cache.json
41 verbose correctMkdir C:\Users\Lenovo\AppData\Roaming\npm-cache correctMkdir not in flight; initializing
42 http 200 https://registry.npmjs.org/g
43 verbose headers { server: 'CouchDB/1.5.0 (Erlang OTP/R16B03)',
43 verbose headers   etag: '"5IBAML63Y5Y7Q10E1FX7BLFSO"',
43 verbose headers   'content-type': 'application/json',
43 verbose headers   'content-encoding': 'gzip',
43 verbose headers   'cache-control': 'max-age=300',
43 verbose headers   'content-length': '1885',
43 verbose headers   'accept-ranges': 'bytes',
43 verbose headers   date: 'Sat, 05 Nov 2016 17:49:27 GMT',
43 verbose headers   via: '1.1 varnish',
43 verbose headers   age: '0',
43 verbose headers   connection: 'keep-alive',
43 verbose headers   'x-served-by': 'cache-fra1231-FRA',
43 verbose headers   'x-cache': 'MISS',
43 verbose headers   'x-cache-hits': '0',
43 verbose headers   'x-timer': 'S1478368166.893022,VS0,VE424',
43 verbose headers   vary: 'Accept-Encoding' }
44 silly get cb [ 200,
44 silly get   { server: 'CouchDB/1.5.0 (Erlang OTP/R16B03)',
44 silly get     etag: '"5IBAML63Y5Y7Q10E1FX7BLFSO"',
44 silly get     'content-type': 'application/json',
44 silly get     'content-encoding': 'gzip',
44 silly get     'cache-control': 'max-age=300',
44 silly get     'content-length': '1885',
44 silly get     'accept-ranges': 'bytes',
44 silly get     date: 'Sat, 05 Nov 2016 17:49:27 GMT',
44 silly get     via: '1.1 varnish',
44 silly get     age: '0',
44 silly get     connection: 'keep-alive',
44 silly get     'x-served-by': 'cache-fra1231-FRA',
44 silly get     'x-cache': 'MISS',
44 silly get     'x-cache-hits': '0',
44 silly get     'x-timer': 'S1478368166.893022,VS0,VE424',
44 silly get     vary: 'Accept-Encoding' } ]
45 verbose get saving g to C:\Users\Lenovo\AppData\Roaming\npm-cache\registry.npmjs.org\g\.cache.json
46 verbose correctMkdir C:\Users\Lenovo\AppData\Roaming\npm-cache correctMkdir not in flight; initializing
47 silly rollbackFailedOptional Starting
48 silly rollbackFailedOptional Finishing
49 silly runTopLevelLifecycles Starting
50 silly runTopLevelLifecycles Finishing
51 silly install printInstalled
52 verbose stack Error: ENOENT: no such file or directory, open 'D:\C# SoftUni\Java Script Advanced 2016\14. Modules\Modules Lab\-'
52 verbose stack     at Error (native)
53 verbose cwd D:\C# SoftUni\Java Script Advanced 2016\14. Modules\Modules Lab
54 error Windows_NT 10.0.10240
55 error argv "C:\\Program Files\\nodejs\\node.exe" "C:\\Program Files\\nodejs\\node_modules\\npm\\bin\\npm-cli.js" "install" "--save-dev" "babel-cli" "-" "g"
56 error node v6.2.2
57 error npm  v3.9.5
58 error path D:\C# SoftUni\Java Script Advanced 2016\14. Modules\Modules Lab\-
59 error code ENOENT
60 error errno -4058
61 error syscall open
62 error enoent ENOENT: no such file or directory, open 'D:\C# SoftUni\Java Script Advanced 2016\14. Modules\Modules Lab\-'
63 error enoent ENOENT: no such file or directory, open 'D:\C# SoftUni\Java Script Advanced 2016\14. Modules\Modules Lab\-'
63 error enoent This is most likely not a problem with npm itself
63 error enoent and is related to npm not being able to find a file.
64 verbose exit [ -4058, true ]
